<?xml version="1.0" encoding="UTF-8"?>
<testsuite name="dataGenerator.enums.EnumsTest" tests="1" skipped="0" failures="0" errors="0" timestamp="2017-01-19T14:41:02" hostname="WS00278" time="0.0">
  <properties/>
  <testcase name="getEventTypes" classname="dataGenerator.enums.EnumsTest" time="0.0"/>
  <system-out><![CDATA[]]></system-out>
  <system-err><![CDATA[]]></system-err>
</testsuite>
