<?xml version="1.0" encoding="UTF-8"?>
<testsuite name="dataGenerator.data_handlers.SettingsTest" tests="3" skipped="0" failures="0" errors="0" timestamp="2017-01-19T14:41:02" hostname="WS00278" time="0.0">
  <properties/>
  <testcase name="getIntSetting" classname="dataGenerator.data_handlers.SettingsTest" time="0.0"/>
  <testcase name="setStringSetting" classname="dataGenerator.data_handlers.SettingsTest" time="0.0"/>
  <testcase name="getStringSetting" classname="dataGenerator.data_handlers.SettingsTest" time="0.0"/>
  <system-out><![CDATA[]]></system-out>
  <system-err><![CDATA[]]></system-err>
</testsuite>
